<?xml version="1.0" encoding="UTF-8"?>
<testng-results ignored="0" total="1" passed="1" failed="0" skipped="0">
  <reporter-output>
  </reporter-output>
  <suite started-at="2022-06-16T21:44:25 ICT" name="Default suite" finished-at="2022-06-16T21:44:44 ICT" duration-ms="18649">
    <groups>
    </groups>
    <test started-at="2022-06-16T21:44:25 ICT" name="Default test" finished-at="2022-06-16T21:44:44 ICT" duration-ms="18649">
      <class name="com.nextsoft.testcom.report.OrderHistoryTest">
        <test-method is-config="true" signature="init()[pri:0, instance:com.nextsoft.testcom.report.OrderHistoryTest@2e6a8155]" started-at="2022-06-16T21:44:25 ICT" name="init" finished-at="2022-06-16T21:44:37 ICT" duration-ms="11582" status="PASS">
          <reporter-output>
          </reporter-output>
        </test-method> <!-- init -->
        <test-method signature="testLoginWithValidUserAndPassword()[pri:0, instance:com.nextsoft.testcom.report.OrderHistoryTest@2e6a8155]" started-at="2022-06-16T21:44:37 ICT" name="testLoginWithValidUserAndPassword" finished-at="2022-06-16T21:44:44 ICT" duration-ms="7026" status="PASS">
          <reporter-output>
          </reporter-output>
        </test-method> <!-- testLoginWithValidUserAndPassword -->
      </class> <!-- com.nextsoft.testcom.report.OrderHistoryTest -->
    </test> <!-- Default test -->
  </suite> <!-- Default suite -->
</testng-results>
